<?xml version="1.0" encoding="UTF-8"?>
<!-- Generated by org.testng.reporters.JUnitReportReporter -->
<testsuite hostname="BOOK-ROIQ0ITO0M" failures="0" tests="1" name="runners.GooglePageRunner" time="15.100" errors="0" timestamp="2023-08-24T11:23:41 IST" skipped="0">
  <testcase classname="runners.GooglePageRunner" name="runScenario" time="15.100"/>
  <system-out/>
</testsuite> <!-- runners.GooglePageRunner -->
